<?xml version="1.0" encoding="UTF-8"?>
<testsuite xmlns:xsi="http://www.w3.org/2001/XMLSchema-instance" xsi:noNamespaceSchemaLocation="https://maven.apache.org/surefire/maven-surefire-plugin/xsd/surefire-test-report-3.0.xsd" version="3.0" name="com.legalease.LegalEaseApplicationTests" time="7.76" tests="1" errors="0" skipped="0" failures="0">
  <properties>
[...]
</properties>
  <testcase name="contextLoads" classname="com.legalease.LegalEaseApplicationTests" time="0.57">
    <system-out><![CDATA[11:16:07.149 [main] INFO org.springframework.test.context.support.AnnotationConfigContextLoaderUtils -- Could not detect default configuration classes for test class [com.legalease.LegalEaseApplicationTests]: LegalEaseApplicationTests does not declare any static, non-private, non-final, nested classes annotated with @Configuration.
11:16:07.235 [main] INFO org.springframework.boot.test.context.SpringBootTestContextBootstrapper -- Found @SpringBootConfiguration com.legalease.LegalEaseApplication for test class com.legalease.LegalEaseApplicationTests

  .   ____          _            __ _ _
 /\\ / ___'_ __ _ _(_)_ __  __ _ \ \ \ \
( ( )\___ | '_ | '_| | '_ \/ _` | \ \ \ \
 \\/  ___)| |_)| | | | | || (_| |  ) ) ) )
  '  |____| .__|_| |_|_| |_\__, | / / / /
 =========|_|==============|___/=/_/_/_/
 :: Spring Boot ::                (v3.2.0)

2025-09-14T11:16:07.771+05:30  INFO 5248 --- [           main] c.legalease.LegalEaseApplicationTests    : Starting LegalEaseApplicationTests using Java 21.0.8 with PID 5248 (started by MAYANK BISHT in D:\my projects till today\legalease\backend)
2025-09-14T11:16:07.771+05:30 DEBUG 5248 --- [           main] c.legalease.LegalEaseApplicationTests    : Running with Spring Boot v3.2.0, Spring v6.1.1
2025-09-14T11:16:07.771+05:30  INFO 5248 --- [           main] c.legalease.LegalEaseApplicationTests    : No active profile set, falling back to 1 default profile: "default"
2025-09-14T11:16:08.626+05:30  INFO 5248 --- [           main] .s.d.r.c.RepositoryConfigurationDelegate : Bootstrapping Spring Data JPA repositories in DEFAULT mode.
2025-09-14T11:16:08.700+05:30  INFO 5248 --- [           main] .s.d.r.c.RepositoryConfigurationDelegate : Finished Spring Data repository scanning in 59 ms. Found 8 JPA repository interfaces.
2025-09-14T11:16:09.222+05:30  INFO 5248 --- [           main] o.hibernate.jpa.internal.util.LogHelper  : HHH000204: Processing PersistenceUnitInfo [name: default]
2025-09-14T11:16:09.309+05:30  INFO 5248 --- [           main] org.hibernate.Version                    : HHH000412: Hibernate ORM core version 6.3.1.Final
2025-09-14T11:16:09.341+05:30  INFO 5248 --- [           main] o.h.c.internal.RegionFactoryInitiator    : HHH000026: Second-level cache disabled
2025-09-14T11:16:09.637+05:30  INFO 5248 --- [           main] o.s.o.j.p.SpringPersistenceUnitInfo      : No LoadTimeWeaver setup: ignoring JPA class transformer
2025-09-14T11:16:09.674+05:30  INFO 5248 --- [           main] com.zaxxer.hikari.HikariDataSource       : HikariPool-1 - Starting...
2025-09-14T11:16:10.516+05:30  INFO 5248 --- [           main] com.zaxxer.hikari.pool.HikariPool        : HikariPool-1 - Added connection org.postgresql.jdbc.PgConnection@44abdb1f
2025-09-14T11:16:10.518+05:30  INFO 5248 --- [           main] com.zaxxer.hikari.HikariDataSource       : HikariPool-1 - Start completed.
2025-09-14T11:16:10.860+05:30  WARN 5248 --- [           main] org.hibernate.orm.deprecation            : HHH90000025: PostgreSQLDialect does not need to be specified explicitly using 'hibernate.dialect' (remove the property setting and it will be selected by default)
2025-09-14T11:16:11.763+05:30  INFO 5248 --- [           main] o.h.e.t.j.p.i.JtaPlatformInitiator       : HHH000489: No JTA platform available (set 'hibernate.transaction.jta.platform' to enable JTA platform integration)
2025-09-14T11:16:12.232+05:30  INFO 5248 --- [           main] j.LocalContainerEntityManagerFactoryBean : Initialized JPA EntityManagerFactory for persistence unit 'default'
2025-09-14T11:16:12.713+05:30  INFO 5248 --- [           main] o.s.d.j.r.query.QueryEnhancerFactory     : Hibernate is in classpath; If applicable, HQL parser will be used.
2025-09-14T11:16:13.489+05:30  WARN 5248 --- [           main] JpaBaseConfiguration$JpaWebConfiguration : spring.jpa.open-in-view is enabled by default. Therefore, database queries may be performed during view rendering. Explicitly configure spring.jpa.open-in-view to disable this warning
2025-09-14T11:16:13.793+05:30  INFO 5248 --- [           main] o.s.s.web.DefaultSecurityFilterChain     : Will secure any request with [org.springframework.security.web.session.DisableEncodeUrlFilter@78835956, org.springframework.security.web.context.request.async.WebAsyncManagerIntegrationFilter@38794a3, org.springframework.security.web.context.SecurityContextHolderFilter@12620e98, org.springframework.security.web.header.HeaderWriterFilter@35b799c0, org.springframework.web.filter.CorsFilter@5c00b341, org.springframework.security.web.authentication.logout.LogoutFilter@c04a1ca, com.legalease.security.JwtAuthenticationFilter@13868c41, org.springframework.security.web.savedrequest.RequestCacheAwareFilter@79b07ccd, org.springframework.security.web.servletapi.SecurityContextHolderAwareRequestFilter@7ad31e9e, org.springframework.security.web.authentication.AnonymousAuthenticationFilter@10658b31, org.springframework.security.web.session.SessionManagementFilter@7414167a, org.springframework.security.web.access.ExceptionTranslationFilter@39d8240b, org.springframework.security.web.access.intercept.AuthorizationFilter@5415ed48]
2025-09-14T11:16:14.107+05:30  INFO 5248 --- [           main] c.legalease.LegalEaseApplicationTests    : Started LegalEaseApplicationTests in 6.667 seconds (process running for 7.975)
]]></system-out>
    <system-err><![CDATA[WARNING: A Java agent has been loaded dynamically (C:\Users\MAYANK BISHT\.m2\repository\net\bytebuddy\byte-buddy-agent\1.14.10\byte-buddy-agent-1.14.10.jar)
WARNING: If a serviceability tool is in use, please run with -XX:+EnableDynamicAgentLoading to hide this warning
WARNING: If a serviceability tool is not in use, please run with -Djdk.instrument.traceUsage for more information
WARNING: Dynamic loading of agents will be disallowed by default in a future release
]]></system-err>
  </testcase>
</testsuite>